<?xml version="1.0" encoding="UTF-8"?>
<!-- Generated by org.testng.reporters.JUnitReportReporter -->
<testsuite hostname="DESKTOP-729RCR4" failures="0" tests="5" name="com.phptravels.scriptsSG1.TestClassLoginSG1" time="17.927" errors="0" timestamp="2022-05-11T17:52:17 IST" skipped="0">
  <testcase classname="com.phptravels.scriptsSG1.TestClassLoginSG1" name="verifyIeVp" time="8.987"/>
  <system-out/>
  <testcase classname="com.phptravels.scriptsSG1.TestClassLoginSG1" name="verifyVeIp" time="2.841"/>
  <system-out/>
  <testcase classname="com.phptravels.scriptsSG1.TestClassLoginSG1" name="verifyIeIp" time="2.611"/>
  <system-out/>
  <testcase classname="com.phptravels.scriptsSG1.TestClassLoginSG1" name="verifyNeNp" time="0.819"/>
  <system-out/>
  <testcase classname="com.phptravels.scriptsSG1.TestClassLoginSG1" name="verifyVeVp" time="2.669"/>
  <system-out/>
</testsuite> <!-- com.phptravels.scriptsSG1.TestClassLoginSG1 -->
