<?xml version="1.0" encoding="UTF-8"?>
<!-- Generated by org.testng.reporters.JUnitReportReporter -->
<testsuite hostname="DESKTOP-729RCR4" failures="0" tests="5" name="com.phptravels.scriptsSG3.TestClassLoginSG3" time="20.579" errors="0" timestamp="2022-05-01T01:35:28 IST" skipped="0">
  <testcase classname="com.phptravels.scriptsSG3.TestClassLoginSG3" name="verifyIeVp" time="5.786"/>
  <system-out/>
  <testcase classname="com.phptravels.scriptsSG3.TestClassLoginSG3" name="verifyVeIp" time="2.519"/>
  <system-out/>
  <testcase classname="com.phptravels.scriptsSG3.TestClassLoginSG3" name="verifyIeIp" time="2.596"/>
  <system-out/>
  <testcase classname="com.phptravels.scriptsSG3.TestClassLoginSG3" name="verifyNeNp" time="2.417"/>
  <system-out/>
  <testcase classname="com.phptravels.scriptsSG3.TestClassLoginSG3" name="verifyVeVp" time="7.261"/>
  <system-out/>
</testsuite> <!-- com.phptravels.scriptsSG3.TestClassLoginSG3 -->
