<?xml version="1.0" encoding="UTF-8"?>
<!-- Generated by org.testng.reporters.JUnitReportReporter -->
<testsuite hostname="DESKTOP-729RCR4" failures="0" tests="6" name="com.phptravels.scriptsSG3.TestClassBookingsSG3" time="33.799" errors="0" timestamp="2022-05-01T01:35:28 IST" skipped="0">
  <testcase classname="com.phptravels.scriptsSG3.TestClassBookingsSG3" name="verifyBookings" time="2.259"/>
  <system-out/>
  <testcase classname="com.phptravels.scriptsSG3.TestClassBookingsSG3" name="VerifyPendingToConfirm" time="1.675"/>
  <system-out/>
  <testcase classname="com.phptravels.scriptsSG3.TestClassBookingsSG3" name="VerifyDeleteCancelledBookings" time="11.198"/>
  <system-out/>
  <testcase classname="com.phptravels.scriptsSG3.TestClassBookingsSG3" name="RevertChanges" time="5.411"/>
  <system-out/>
  <testcase classname="com.phptravels.scriptsSG3.TestClassBookingsSG3" name="VerifyInvoicePaidBookings" time="9.115"/>
  <system-out/>
  <testcase classname="com.phptravels.scriptsSG3.TestClassBookingsSG3" name="verifyWebsiteLink" time="4.141"/>
  <system-out/>
</testsuite> <!-- com.phptravels.scriptsSG3.TestClassBookingsSG3 -->
