<?xml version="1.0" encoding="UTF-8"?>
<!-- Generated by org.testng.reporters.JUnitReportReporter -->
<testsuite hostname="DESKTOP-729RCR4" failures="0" tests="1" name="com.phptravels.scriptsSG1.TestClassAddFundsSG1" time="19.859" errors="0" timestamp="2022-05-10T19:05:41 IST" skipped="0">
  <testcase classname="com.phptravels.scriptsSG1.TestClassAddFundsSG1" name="verifyAddFunds" time="19.859"/>
  <system-out/>
</testsuite> <!-- com.phptravels.scriptsSG1.TestClassAddFundsSG1 -->
