<?xml version="1.0" encoding="UTF-8"?>
<!-- Generated by org.testng.reporters.JUnitReportReporter -->
<testsuite hostname="DESKTOP-729RCR4" failures="0" tests="9" name="com.phptravels.scriptsSG2.TestClassLandingSG2" time="29.415" errors="0" timestamp="2022-05-11T17:53:38 IST" skipped="0">
  <testcase classname="com.phptravels.scriptsSG2.TestClassLandingSG2" name="verifyHome" time="2.794"/>
  <system-out/>
  <testcase classname="com.phptravels.scriptsSG2.TestClassLandingSG2" name="verifyHotelSearch" time="9.888"/>
  <system-out/>
  <testcase classname="com.phptravels.scriptsSG2.TestClassLandingSG2" name="verifyFlights" time="1.353"/>
  <system-out/>
  <testcase classname="com.phptravels.scriptsSG2.TestClassLandingSG2" name="verifyTours" time="1.212"/>
  <system-out/>
  <testcase classname="com.phptravels.scriptsSG2.TestClassLandingSG2" name="verifyVisa" time="1.235"/>
  <system-out/>
  <testcase classname="com.phptravels.scriptsSG2.TestClassLandingSG2" name="verifyBlogs" time="1.662"/>
  <system-out/>
  <testcase classname="com.phptravels.scriptsSG2.TestClassLandingSG2" name="verifyOffers" time="1.325"/>
  <system-out/>
  <testcase classname="com.phptravels.scriptsSG2.TestClassLandingSG2" name="verifyCurrencyUpdate" time="3.149"/>
  <system-out/>
  <testcase classname="com.phptravels.scriptsSG2.TestClassLandingSG2" name="verifylinks" time="6.797"/>
  <system-out/>
</testsuite> <!-- com.phptravels.scriptsSG2.TestClassLandingSG2 -->
