<?xml version="1.0" encoding="UTF-8"?>
<!-- Generated by org.testng.reporters.JUnitReportReporter -->
<testsuite hostname="DESKTOP-729RCR4" failures="0" tests="5" name="com.phptravels.scriptsSG3.TestClassLoginSG3" time="23.749" errors="0" timestamp="2022-05-12T14:55:17 IST" skipped="0">
  <testcase classname="com.phptravels.scriptsSG3.TestClassLoginSG3" name="verifyIeVp" time="6.799"/>
  <system-out/>
  <testcase classname="com.phptravels.scriptsSG3.TestClassLoginSG3" name="verifyVeIp" time="2.500"/>
  <system-out/>
  <testcase classname="com.phptravels.scriptsSG3.TestClassLoginSG3" name="verifyIeIp" time="2.614"/>
  <system-out/>
  <testcase classname="com.phptravels.scriptsSG3.TestClassLoginSG3" name="verifyNeNp" time="2.547"/>
  <system-out/>
  <testcase classname="com.phptravels.scriptsSG3.TestClassLoginSG3" name="verifyVeVp" time="9.289"/>
  <system-out/>
</testsuite> <!-- com.phptravels.scriptsSG3.TestClassLoginSG3 -->
