<?xml version="1.0" encoding="UTF-8"?>
<!-- Generated by org.testng.reporters.JUnitReportReporter -->
<testsuite hostname="DESKTOP-729RCR4" failures="0" tests="6" name="com.phptravels.scriptsSG3.TestClassBookingsSG3" time="33.495" errors="0" timestamp="2022-05-11T17:55:07 IST" skipped="0">
  <testcase classname="com.phptravels.scriptsSG3.TestClassBookingsSG3" name="verifyBookings" time="1.694"/>
  <system-out/>
  <testcase classname="com.phptravels.scriptsSG3.TestClassBookingsSG3" name="VerifyPendingToConfirm" time="1.809"/>
  <system-out/>
  <testcase classname="com.phptravels.scriptsSG3.TestClassBookingsSG3" name="VerifyDeleteCancelledBookings" time="11.237"/>
  <system-out/>
  <testcase classname="com.phptravels.scriptsSG3.TestClassBookingsSG3" name="RevertChanges" time="5.366"/>
  <system-out/>
  <testcase classname="com.phptravels.scriptsSG3.TestClassBookingsSG3" name="VerifyInvoicePaidBookings" time="9.060"/>
  <system-out/>
  <testcase classname="com.phptravels.scriptsSG3.TestClassBookingsSG3" name="verifyWebsiteLink" time="4.329"/>
  <system-out/>
</testsuite> <!-- com.phptravels.scriptsSG3.TestClassBookingsSG3 -->
