<?xml version="1.0" encoding="UTF-8"?>
<!-- Generated by org.testng.reporters.JUnitReportReporter -->
<testsuite hostname="DESKTOP-729RCR4" failures="0" tests="5" name="com.phptravels.scriptsSG4.TestClassLoginSG4" time="18.956" errors="0" timestamp="2022-05-01T01:36:48 IST" skipped="0">
  <testcase classname="com.phptravels.scriptsSG4.TestClassLoginSG4" name="verifyIeVp" time="4.869"/>
  <system-out/>
  <testcase classname="com.phptravels.scriptsSG4.TestClassLoginSG4" name="verifyVeIp" time="2.623"/>
  <system-out/>
  <testcase classname="com.phptravels.scriptsSG4.TestClassLoginSG4" name="verifyIeIp" time="2.575"/>
  <system-out/>
  <testcase classname="com.phptravels.scriptsSG4.TestClassLoginSG4" name="verifyNeNp" time="2.556"/>
  <system-out/>
  <testcase classname="com.phptravels.scriptsSG4.TestClassLoginSG4" name="verifyVeVp" time="6.333"/>
  <system-out/>
</testsuite> <!-- com.phptravels.scriptsSG4.TestClassLoginSG4 -->
