<?xml version="1.0" encoding="UTF-8"?>
<!-- Generated by org.testng.reporters.JUnitReportReporter -->
<testsuite hostname="DESKTOP-729RCR4" failures="0" tests="5" name="com.phptravels.scriptsSG4.TestClassLoginSG4" time="16.800" errors="0" timestamp="2022-05-09T01:20:19 IST" skipped="0">
  <testcase classname="com.phptravels.scriptsSG4.TestClassLoginSG4" name="verifyIeVp" time="5.273"/>
  <system-out/>
  <testcase classname="com.phptravels.scriptsSG4.TestClassLoginSG4" name="verifyVeIp" time="2.397"/>
  <system-out/>
  <testcase classname="com.phptravels.scriptsSG4.TestClassLoginSG4" name="verifyIeIp" time="2.412"/>
  <system-out/>
  <testcase classname="com.phptravels.scriptsSG4.TestClassLoginSG4" name="verifyNeNp" time="2.333"/>
  <system-out/>
  <testcase classname="com.phptravels.scriptsSG4.TestClassLoginSG4" name="verifyVeVp" time="4.385"/>
  <system-out/>
</testsuite> <!-- com.phptravels.scriptsSG4.TestClassLoginSG4 -->
