<?xml version="1.0" encoding="UTF-8"?>
<!-- Generated by org.testng.reporters.JUnitReportReporter -->
<testsuite hostname="DESKTOP-729RCR4" failures="0" tests="6" name="com.phptravels.scriptsSG3.TestClassBookingsSG3" time="32.957" errors="0" timestamp="2022-05-09T01:07:38 IST" skipped="0">
  <testcase classname="com.phptravels.scriptsSG3.TestClassBookingsSG3" name="verifyBookings" time="1.476"/>
  <system-out/>
  <testcase classname="com.phptravels.scriptsSG3.TestClassBookingsSG3" name="VerifyPendingToConfirm" time="1.175"/>
  <system-out/>
  <testcase classname="com.phptravels.scriptsSG3.TestClassBookingsSG3" name="VerifyDeleteCancelledBookings" time="11.039"/>
  <system-out/>
  <testcase classname="com.phptravels.scriptsSG3.TestClassBookingsSG3" name="RevertChanges" time="5.229"/>
  <system-out/>
  <testcase classname="com.phptravels.scriptsSG3.TestClassBookingsSG3" name="VerifyInvoicePaidBookings" time="10.014"/>
  <system-out/>
  <testcase classname="com.phptravels.scriptsSG3.TestClassBookingsSG3" name="verifyWebsiteLink" time="4.024"/>
  <system-out/>
</testsuite> <!-- com.phptravels.scriptsSG3.TestClassBookingsSG3 -->
