<?xml version="1.0" encoding="UTF-8"?>
<!-- Generated by org.testng.reporters.JUnitReportReporter -->
<testsuite hostname="DESKTOP-729RCR4" failures="0" tests="9" name="com.phptravels.scriptsSG2.TestClassLandingSG2" time="32.781" errors="0" timestamp="2022-05-01T01:33:46 IST" skipped="0">
  <testcase classname="com.phptravels.scriptsSG2.TestClassLandingSG2" name="verifyHome" time="2.999"/>
  <system-out/>
  <testcase classname="com.phptravels.scriptsSG2.TestClassLandingSG2" name="verifyHotelSearch" time="11.418"/>
  <system-out/>
  <testcase classname="com.phptravels.scriptsSG2.TestClassLandingSG2" name="verifyFlights" time="1.340"/>
  <system-out/>
  <testcase classname="com.phptravels.scriptsSG2.TestClassLandingSG2" name="verifyTours" time="1.853"/>
  <system-out/>
  <testcase classname="com.phptravels.scriptsSG2.TestClassLandingSG2" name="verifyVisa" time="1.098"/>
  <system-out/>
  <testcase classname="com.phptravels.scriptsSG2.TestClassLandingSG2" name="verifyBlogs" time="2.207"/>
  <system-out/>
  <testcase classname="com.phptravels.scriptsSG2.TestClassLandingSG2" name="verifyOffers" time="2.065"/>
  <system-out/>
  <testcase classname="com.phptravels.scriptsSG2.TestClassLandingSG2" name="verifyCurrencyUpdate" time="2.828"/>
  <system-out/>
  <testcase classname="com.phptravels.scriptsSG2.TestClassLandingSG2" name="verifylinks" time="6.973"/>
  <system-out/>
</testsuite> <!-- com.phptravels.scriptsSG2.TestClassLandingSG2 -->
