<?xml version="1.0" encoding="UTF-8"?>
<!-- Generated by org.testng.reporters.JUnitReportReporter -->
<testsuite hostname="DESKTOP-729RCR4" failures="0" tests="6" name="com.phptravels.scriptsSG3.TestClassBookingsSG3" time="27.517" errors="0" timestamp="2022-05-12T14:55:17 IST" skipped="0">
  <testcase classname="com.phptravels.scriptsSG3.TestClassBookingsSG3" name="verifyBookings" time="1.842"/>
  <system-out/>
  <testcase classname="com.phptravels.scriptsSG3.TestClassBookingsSG3" name="VerifyPendingToConfirm" time="1.709"/>
  <system-out/>
  <testcase classname="com.phptravels.scriptsSG3.TestClassBookingsSG3" name="VerifyDeleteCancelledBookings" time="4.017"/>
  <system-out/>
  <testcase classname="com.phptravels.scriptsSG3.TestClassBookingsSG3" name="RevertChanges" time="5.372"/>
  <system-out/>
  <testcase classname="com.phptravels.scriptsSG3.TestClassBookingsSG3" name="VerifyInvoicePaidBookings" time="10.021"/>
  <system-out/>
  <testcase classname="com.phptravels.scriptsSG3.TestClassBookingsSG3" name="verifyWebsiteLink" time="4.556"/>
  <system-out/>
</testsuite> <!-- com.phptravels.scriptsSG3.TestClassBookingsSG3 -->
