<?xml version="1.0" encoding="UTF-8"?>
<!-- Generated by org.testng.reporters.JUnitReportReporter -->
<testsuite hostname="DESKTOP-729RCR4" failures="0" tests="5" name="com.phptravels.scriptsSG4.TestClassLoginSG4" time="18.304" errors="0" timestamp="2022-05-11T17:56:07 IST" skipped="0">
  <testcase classname="com.phptravels.scriptsSG4.TestClassLoginSG4" name="verifyIeVp" time="6.107"/>
  <system-out/>
  <testcase classname="com.phptravels.scriptsSG4.TestClassLoginSG4" name="verifyVeIp" time="2.461"/>
  <system-out/>
  <testcase classname="com.phptravels.scriptsSG4.TestClassLoginSG4" name="verifyIeIp" time="2.629"/>
  <system-out/>
  <testcase classname="com.phptravels.scriptsSG4.TestClassLoginSG4" name="verifyNeNp" time="2.518"/>
  <system-out/>
  <testcase classname="com.phptravels.scriptsSG4.TestClassLoginSG4" name="verifyVeVp" time="4.589"/>
  <system-out/>
</testsuite> <!-- com.phptravels.scriptsSG4.TestClassLoginSG4 -->
