<?xml version="1.0" encoding="UTF-8"?>
<!-- Generated by org.testng.reporters.JUnitReportReporter -->
<testsuite hostname="DESKTOP-729RCR4" failures="0" tests="5" name="com.phptravels.scriptsSG2.TestClassLoginSG2" time="14.440" errors="0" timestamp="2022-05-01T01:33:46 IST" skipped="0">
  <testcase classname="com.phptravels.scriptsSG2.TestClassLoginSG2" name="verifyIeVp" time="6.593"/>
  <system-out/>
  <testcase classname="com.phptravels.scriptsSG2.TestClassLoginSG2" name="verifyVeIp" time="2.288"/>
  <system-out/>
  <testcase classname="com.phptravels.scriptsSG2.TestClassLoginSG2" name="verifyIeIp" time="2.449"/>
  <system-out/>
  <testcase classname="com.phptravels.scriptsSG2.TestClassLoginSG2" name="verifyNeNp" time="0.830"/>
  <system-out/>
  <testcase classname="com.phptravels.scriptsSG2.TestClassLoginSG2" name="verifyVeVp" time="2.280"/>
  <system-out/>
</testsuite> <!-- com.phptravels.scriptsSG2.TestClassLoginSG2 -->
