<?xml version="1.0" encoding="UTF-8"?>
<!-- Generated by org.testng.reporters.JUnitReportReporter -->
<testsuite hostname="DESKTOP-729RCR4" failures="0" tests="3" name="com.phptravels.scriptsSG1.TestClassMyProfileSG1" time="7.367" errors="0" timestamp="2022-05-11T17:52:17 IST" skipped="0">
  <testcase classname="com.phptravels.scriptsSG1.TestClassMyProfileSG1" name="verifyMyProfile" time="1.349"/>
  <system-out/>
  <testcase classname="com.phptravels.scriptsSG1.TestClassMyProfileSG1" name="UpdateAddress" time="4.087"/>
  <system-out/>
  <testcase classname="com.phptravels.scriptsSG1.TestClassMyProfileSG1" name="verifyLogout" time="1.931"/>
  <system-out/>
</testsuite> <!-- com.phptravels.scriptsSG1.TestClassMyProfileSG1 -->
