<?xml version="1.0" encoding="UTF-8"?>
<!-- Generated by org.testng.reporters.JUnitReportReporter -->
<testsuite hostname="DESKTOP-729RCR4" failures="0" tests="5" name="com.phptravels.scriptsSG1.TestClassLoginSG1" time="15.090" errors="0" timestamp="2022-05-02T01:05:44 IST" skipped="0">
  <testcase classname="com.phptravels.scriptsSG1.TestClassLoginSG1" name="verifyIeVp" time="6.949"/>
  <system-out/>
  <testcase classname="com.phptravels.scriptsSG1.TestClassLoginSG1" name="verifyVeIp" time="2.278"/>
  <system-out/>
  <testcase classname="com.phptravels.scriptsSG1.TestClassLoginSG1" name="verifyIeIp" time="2.221"/>
  <system-out/>
  <testcase classname="com.phptravels.scriptsSG1.TestClassLoginSG1" name="verifyNeNp" time="1.227"/>
  <system-out/>
  <testcase classname="com.phptravels.scriptsSG1.TestClassLoginSG1" name="verifyVeVp" time="2.415"/>
  <system-out/>
</testsuite> <!-- com.phptravels.scriptsSG1.TestClassLoginSG1 -->
