<?xml version="1.0" encoding="UTF-8"?>
<!-- Generated by org.testng.reporters.JUnitReportReporter -->
<testsuite hostname="DESKTOP-729RCR4" failures="0" tests="6" name="com.phptravels.scriptsSG3.TestClassBookingsSG3" time="29.060" errors="0" timestamp="2022-05-03T23:07:36 IST" skipped="0">
  <testcase classname="com.phptravels.scriptsSG3.TestClassBookingsSG3" name="verifyBookings" time="1.594"/>
  <system-out/>
  <testcase classname="com.phptravels.scriptsSG3.TestClassBookingsSG3" name="VerifyPendingToConfirm" time="1.590"/>
  <system-out/>
  <testcase classname="com.phptravels.scriptsSG3.TestClassBookingsSG3" name="VerifyDeleteCancelledBookings" time="10.911"/>
  <system-out/>
  <testcase classname="com.phptravels.scriptsSG3.TestClassBookingsSG3" name="RevertChanges" time="5.257"/>
  <system-out/>
  <testcase classname="com.phptravels.scriptsSG3.TestClassBookingsSG3" name="VerifyInvoicePaidBookings" time="5.705"/>
  <system-out/>
  <testcase classname="com.phptravels.scriptsSG3.TestClassBookingsSG3" name="verifyWebsiteLink" time="4.003"/>
  <system-out/>
</testsuite> <!-- com.phptravels.scriptsSG3.TestClassBookingsSG3 -->
