<?xml version="1.0" encoding="UTF-8"?>
<!-- Generated by org.testng.reporters.JUnitReportReporter -->
<testsuite hostname="DESKTOP-729RCR4" failures="0" tests="3" name="com.phptravels.scriptsSG1.TestClassMyProfileSG1" time="6.358" errors="0" timestamp="2022-05-02T01:05:44 IST" skipped="0">
  <testcase classname="com.phptravels.scriptsSG1.TestClassMyProfileSG1" name="verifyMyProfile" time="1.279"/>
  <system-out/>
  <testcase classname="com.phptravels.scriptsSG1.TestClassMyProfileSG1" name="UpdateAddress" time="3.618"/>
  <system-out/>
  <testcase classname="com.phptravels.scriptsSG1.TestClassMyProfileSG1" name="verifyLogout" time="1.461"/>
  <system-out/>
</testsuite> <!-- com.phptravels.scriptsSG1.TestClassMyProfileSG1 -->
