<?xml version="1.0" encoding="UTF-8"?>
<!-- Generated by org.testng.reporters.JUnitReportReporter -->
<testsuite hostname="DESKTOP-729RCR4" failures="0" tests="3" name="com.phptravels.scriptsSG1.TestClassMyProfileSG1" time="23.311" errors="0" timestamp="2022-05-10T19:05:41 IST" skipped="0">
  <testcase classname="com.phptravels.scriptsSG1.TestClassMyProfileSG1" name="verifyMyProfile" time="4.832"/>
  <system-out/>
  <testcase classname="com.phptravels.scriptsSG1.TestClassMyProfileSG1" name="UpdateAddress" time="14.579"/>
  <system-out/>
  <testcase classname="com.phptravels.scriptsSG1.TestClassMyProfileSG1" name="verifyLogout" time="3.900"/>
  <system-out/>
</testsuite> <!-- com.phptravels.scriptsSG1.TestClassMyProfileSG1 -->
