<?xml version="1.0" encoding="UTF-8"?>
<!-- Generated by org.testng.reporters.JUnitReportReporter -->
<testsuite hostname="DESKTOP-729RCR4" failures="0" tests="1" name="com.phptravels.scriptsSG1.TestClassMyBookingsSG1" time="3.862" errors="0" timestamp="2022-05-02T01:05:44 IST" skipped="0">
  <testcase classname="com.phptravels.scriptsSG1.TestClassMyBookingsSG1" name="verifyMyBookings" time="3.862"/>
  <system-out/>
</testsuite> <!-- com.phptravels.scriptsSG1.TestClassMyBookingsSG1 -->
