<?xml version="1.0" encoding="UTF-8"?>
<!-- Generated by org.testng.reporters.JUnitReportReporter -->
<testsuite hostname="DESKTOP-729RCR4" failures="0" tests="5" name="com.phptravels.scriptsSG1.TestClassLoginSG1" time="78.541" errors="0" timestamp="2022-05-10T19:05:41 IST" skipped="0">
  <testcase classname="com.phptravels.scriptsSG1.TestClassLoginSG1" name="verifyIeVp" time="45.798"/>
  <system-out/>
  <testcase classname="com.phptravels.scriptsSG1.TestClassLoginSG1" name="verifyVeIp" time="10.121"/>
  <system-out/>
  <testcase classname="com.phptravels.scriptsSG1.TestClassLoginSG1" name="verifyIeIp" time="8.871"/>
  <system-out/>
  <testcase classname="com.phptravels.scriptsSG1.TestClassLoginSG1" name="verifyNeNp" time="5.050"/>
  <system-out/>
  <testcase classname="com.phptravels.scriptsSG1.TestClassLoginSG1" name="verifyVeVp" time="8.701"/>
  <system-out/>
</testsuite> <!-- com.phptravels.scriptsSG1.TestClassLoginSG1 -->
