<?xml version="1.0" encoding="UTF-8"?>
<!-- Generated by org.testng.reporters.JUnitReportReporter -->
<testsuite hostname="DESKTOP-729RCR4" failures="0" tests="5" name="com.phptravels.scriptsSG3.TestClassLoginSG3" time="20.766" errors="0" timestamp="2022-05-03T23:07:36 IST" skipped="0">
  <testcase classname="com.phptravels.scriptsSG3.TestClassLoginSG3" name="verifyIeVp" time="6.304"/>
  <system-out/>
  <testcase classname="com.phptravels.scriptsSG3.TestClassLoginSG3" name="verifyVeIp" time="2.578"/>
  <system-out/>
  <testcase classname="com.phptravels.scriptsSG3.TestClassLoginSG3" name="verifyIeIp" time="2.422"/>
  <system-out/>
  <testcase classname="com.phptravels.scriptsSG3.TestClassLoginSG3" name="verifyNeNp" time="2.331"/>
  <system-out/>
  <testcase classname="com.phptravels.scriptsSG3.TestClassLoginSG3" name="verifyVeVp" time="7.131"/>
  <system-out/>
</testsuite> <!-- com.phptravels.scriptsSG3.TestClassLoginSG3 -->
